<?xml version="1.0" encoding="UTF-8"?>
<!-- Generated by org.testng.reporters.JUnitXMLReporter -->
<testsuite ignored="4" hostname="LAPTOP-5HE953J4" failures="0" tests="1" name="Default test" time="2.597" errors="0" timestamp="2024-06-28T14:12:00 IST">
  <testcase classname="restAssured.DummyRestApi" name="deleteemployee" time="2.547"/>
  <testcase classname="restAssured.DummyRestApi" name="CreateEmployee" time="0.0">
    <ignored/>
  </testcase> <!-- CreateEmployee -->
  <testcase classname="restAssured.DummyRestApi" name="GetEmployee" time="0.0">
    <ignored/>
  </testcase> <!-- GetEmployee -->
  <testcase classname="restAssured.DummyRestApi" name="Employeeid" time="0.0">
    <ignored/>
  </testcase> <!-- Employeeid -->
  <testcase classname="restAssured.DummyRestApi" name="updateId" time="0.0">
    <ignored/>
  </testcase> <!-- updateId -->
</testsuite> <!-- Default test -->
