<?xml version="1.0" encoding="UTF-8"?>
<testng-results ignored="4" total="5" passed="1" failed="0" skipped="0">
  <reporter-output>
  </reporter-output>
  <suite started-at="2024-06-28T14:11:57 IST" name="Default suite" finished-at="2024-06-28T14:12:00 IST" duration-ms="2597">
    <groups>
    </groups>
    <test started-at="2024-06-28T14:11:57 IST" name="Default test" finished-at="2024-06-28T14:12:00 IST" duration-ms="2597">
      <class name="restAssured.DummyRestApi">
        <test-method signature="deleteemployee()[pri:0, instance:restAssured.DummyRestApi@437da279]" started-at="2024-06-28T14:11:57 IST" name="deleteemployee" finished-at="2024-06-28T14:12:00 IST" duration-ms="2547" status="PASS">
          <reporter-output>
          </reporter-output>
        </test-method> <!-- deleteemployee -->
      </class> <!-- restAssured.DummyRestApi -->
    </test> <!-- Default test -->
  </suite> <!-- Default suite -->
</testng-results>
